Arguments: 
  /home/usama/.nvm/versions/node/v16.15.1/bin/node /usr/share/yarn/bin/yarn.js add fizzy-ui-utilities

PATH: 
  /home/usama/.rvm/gems/ruby-3.0.0/bin:/home/usama/.rvm/gems/ruby-3.0.0@global/bin:/home/usama/.rvm/rubies/ruby-3.0.0/bin:/home/usama/.rvm/bin:/home/usama/.nvm/versions/node/v16.15.1/bin:/usr/local/sbin:/usr/local/bin:/usr/sbin:/usr/bin:/sbin:/bin:/usr/games:/usr/local/games:/snap/bin:/snap/bin

Yarn version: 
  1.22.19

Node version: 
  16.15.1

Platform: 
  linux x64

Trace: 
  Error: https://registry.yarnpkg.com/fizzy-ui-utilities: Not found
      at Request.params.callback [as _callback] (/usr/share/yarn/lib/cli.js:66145:18)
      at Request.self.callback (/usr/share/yarn/lib/cli.js:140890:22)
      at Request.emit (node:events:527:28)
      at Request.<anonymous> (/usr/share/yarn/lib/cli.js:141862:10)
      at Request.emit (node:events:527:28)
      at IncomingMessage.<anonymous> (/usr/share/yarn/lib/cli.js:141784:12)
      at Object.onceWrapper (node:events:641:28)
      at IncomingMessage.emit (node:events:539:35)
      at endReadableNT (node:internal/streams/readable:1345:12)
      at processTicksAndRejections (node:internal/process/task_queues:83:21)

npm manifest: 
  {
    "name": "app",
    "private": "true",
    "dependencies": {
      "desandro-matches-selector": "^2.0.2",
      "esbuild": "^0.15.15",
      "esbuild-rails": "^1.0.3",
      "ev-emitter": "^2.1.2",
      "fizzy-ui-utils": "^3.0.0",
      "get-size": "^3.0.0",
      "get-style-property": "^0.1.1",
      "jquery": "1.12.4",
      "masonry-layout": "^4.2.2",
      "outlayer": "^2.1.1",
      "popper.js": "^1.16.1",
      "sass": "^1.62.1"
    },
    "scripts": {
      "build": "node esbuild.config.js",
      "build:css": "sass ./app/assets/stylesheets/application.bootstrap.scss:./app/assets/builds/application.css --no-source-map --load-path=node_modules"
    }
  }

yarn manifest: 
  No manifest

Lockfile: 
  # THIS IS AN AUTOGENERATED FILE. DO NOT EDIT THIS FILE DIRECTLY.
  # yarn lockfile v1
  
  
  "@isaacs/cliui@^8.0.2":
    "integrity" "sha512-O8jcjabXaleOG9DQ0+ARXWZBTfnP4WNAqzuiJK7ll44AmxGKv/J2M4TPjxjY3znBCfvBXFzucm1twdyFybFqEA=="
    "resolved" "https://registry.npmjs.org/@isaacs/cliui/-/cliui-8.0.2.tgz"
    "version" "8.0.2"
    dependencies:
      "string-width" "^5.1.2"
      "string-width-cjs" "npm:string-width@^4.2.0"
      "strip-ansi" "^7.0.1"
      "strip-ansi-cjs" "npm:strip-ansi@^6.0.1"
      "wrap-ansi" "^8.1.0"
      "wrap-ansi-cjs" "npm:wrap-ansi@^7.0.0"
  
  "@pkgjs/parseargs@^0.11.0":
    "integrity" "sha512-+1VkjdD0QBLPodGrJUeqarH8VAIvQODIbwh9XpP5Syisf7YoQgsJKPNFoqqLQlu+VQ/tVSshMR6loPMn8U+dPg=="
    "resolved" "https://registry.npmjs.org/@pkgjs/parseargs/-/parseargs-0.11.0.tgz"
    "version" "0.11.0"
  
  "ansi-regex@^5.0.1":
    "integrity" "sha512-quJQXlTSUGL2LH9SUXo8VwsY4soanhgo6LNSm84E1LBcE8s3O0wpdiRzyR9z/ZZJMlMWv37qOOb9pdJlMUEKFQ=="
    "resolved" "https://registry.npmjs.org/ansi-regex/-/ansi-regex-5.0.1.tgz"
    "version" "5.0.1"
  
  "ansi-regex@^6.0.1":
    "integrity" "sha512-n5M855fKb2SsfMIiFFoVrABHJC8QtHwVx+mHWP3QcEqBHYienj5dHSgjbxtC0WEZXYt4wcD6zrQElDPhFuZgfA=="
    "resolved" "https://registry.npmjs.org/ansi-regex/-/ansi-regex-6.0.1.tgz"
    "version" "6.0.1"
  
  "ansi-styles@^4.0.0":
    "integrity" "sha512-zbB9rCJAT1rbjiVDb2hqKFHNYLxgtk8NURxZ3IZwD3F6NtxbXZQCnnSi1Lkx+IDohdPlFp222wVALIheZJQSEg=="
    "resolved" "https://registry.npmjs.org/ansi-styles/-/ansi-styles-4.3.0.tgz"
    "version" "4.3.0"
    dependencies:
      "color-convert" "^2.0.1"
  
  "ansi-styles@^6.1.0":
    "integrity" "sha512-bN798gFfQX+viw3R7yrGWRqnrN2oRkEkUjjl4JNn4E8GxxbjtG3FbrEIIY3l8/hrwUwIeCZvi4QuOTP4MErVug=="
    "resolved" "https://registry.npmjs.org/ansi-styles/-/ansi-styles-6.2.1.tgz"
    "version" "6.2.1"
  
  "anymatch@~3.1.2":
    "integrity" "sha512-KMReFUr0B4t+D+OBkjR3KYqvocp2XaSzO55UcB6mgQMd3KbcE+mWTyvVV7D/zsdEbNnV6acZUutkiHQXvTr1Rw=="
    "resolved" "https://registry.npmjs.org/anymatch/-/anymatch-3.1.3.tgz"
    "version" "3.1.3"
    dependencies:
      "normalize-path" "^3.0.0"
      "picomatch" "^2.0.4"
  
  "balanced-match@^1.0.0":
    "integrity" "sha512-3oSeUO0TMV67hN1AmbXsK4yaqU7tjiHlbxRDZOpH0KW9+CeX4bRAaX0Anxt0tx2MrpRpWwQaPwIlISEJhYU5Pw=="
    "resolved" "https://registry.npmjs.org/balanced-match/-/balanced-match-1.0.2.tgz"
    "version" "1.0.2"
  
  "binary-extensions@^2.0.0":
    "integrity" "sha512-jDctJ/IVQbZoJykoeHbhXpOlNBqGNcwXJKJog42E5HDPUwQTSdjCHdihjj0DlnheQ7blbT6dHOafNAiS8ooQKA=="
    "resolved" "https://registry.npmjs.org/binary-extensions/-/binary-extensions-2.2.0.tgz"
    "version" "2.2.0"
  
  "brace-expansion@^2.0.1":
    "integrity" "sha512-XnAIvQ8eM+kC6aULx6wuQiwVsnzsi9d3WxzV3FpWTGA19F621kwdbsAcFKXgKUHZWsy+mY6iL1sHTxWEFCytDA=="
    "resolved" "https://registry.npmjs.org/brace-expansion/-/brace-expansion-2.0.1.tgz"
    "version" "2.0.1"
    dependencies:
      "balanced-match" "^1.0.0"
  
  "braces@~3.0.2":
    "integrity" "sha512-b8um+L1RzM3WDSzvhm6gIz1yfTbBt6YTlcEKAvsmqCZZFw46z626lVj9j1yEPW33H5H+lBQpZMP1k8l+78Ha0A=="
    "resolved" "https://registry.npmjs.org/braces/-/braces-3.0.2.tgz"
    "version" "3.0.2"
    dependencies:
      "fill-range" "^7.0.1"
  
  "chokidar@>=3.0.0 <4.0.0":
    "integrity" "sha512-Dr3sfKRP6oTcjf2JmUmFJfeVMvXBdegxB0iVQ5eb2V10uFJUCAS8OByZdVAyVb8xXNz3GjjTgj9kLWsZTqE6kw=="
    "resolved" "https://registry.npmjs.org/chokidar/-/chokidar-3.5.3.tgz"
    "version" "3.5.3"
    dependencies:
      "anymatch" "~3.1.2"
      "braces" "~3.0.2"
      "glob-parent" "~5.1.2"
      "is-binary-path" "~2.1.0"
      "is-glob" "~4.0.1"
      "normalize-path" "~3.0.0"
      "readdirp" "~3.6.0"
    optionalDependencies:
      "fsevents" "~2.3.2"
  
  "color-convert@^2.0.1":
    "integrity" "sha512-RRECPsj7iu/xb5oKYcsFHSppFNnsj/52OVTRKb4zP5onXwVF3zVmmToNcOfGC+CRDpfK/U584fMg38ZHCaElKQ=="
    "resolved" "https://registry.npmjs.org/color-convert/-/color-convert-2.0.1.tgz"
    "version" "2.0.1"
    dependencies:
      "color-name" "~1.1.4"
  
  "color-name@~1.1.4":
    "integrity" "sha512-dOy+3AuW3a2wNbZHIuMZpTcgjGuLU/uBL/ubcZF9OXbDo8ff4O8yVp5Bf0efS8uEoYo5q4Fx7dY9OgQGXgAsQA=="
    "resolved" "https://registry.npmjs.org/color-name/-/color-name-1.1.4.tgz"
    "version" "1.1.4"
  
  "cross-spawn@^7.0.0":
    "integrity" "sha512-iRDPJKUPVEND7dHPO8rkbOnPpyDygcDFtWjpeWNCgy8WP2rXcxXL8TskReQl6OrB2G7+UJrags1q15Fudc7G6w=="
    "resolved" "https://registry.npmjs.org/cross-spawn/-/cross-spawn-7.0.3.tgz"
    "version" "7.0.3"
    dependencies:
      "path-key" "^3.1.0"
      "shebang-command" "^2.0.0"
      "which" "^2.0.1"
  
  "desandro-matches-selector@^2.0.0", "desandro-matches-selector@^2.0.2":
    "integrity" "sha512-+1q0nXhdzg1IpIJdMKalUwvvskeKnYyEe3shPRwedNcWtnhEKT3ZxvFjzywHDeGcKViIxTCAoOYQWP1qD7VNyg=="
    "resolved" "https://registry.npmjs.org/desandro-matches-selector/-/desandro-matches-selector-2.0.2.tgz"
    "version" "2.0.2"
  
  "eastasianwidth@^0.2.0":
    "integrity" "sha512-I88TYZWc9XiYHRQ4/3c5rjjfgkjhLyW2luGIheGERbNQ6OY7yTybanSpDXZa8y7VUP9YmDcYa+eyq4ca7iLqWA=="
    "resolved" "https://registry.npmjs.org/eastasianwidth/-/eastasianwidth-0.2.0.tgz"
    "version" "0.2.0"
  
  "emoji-regex@^8.0.0":
    "integrity" "sha512-MSjYzcWNOA0ewAHpz0MxpYFvwg6yjy1NG3xteoqz644VCo/RPgnr1/GGt+ic3iJTzQ8Eu3TdM14SawnVUmGE6A=="
    "resolved" "https://registry.npmjs.org/emoji-regex/-/emoji-regex-8.0.0.tgz"
    "version" "8.0.0"
  
  "emoji-regex@^9.2.2":
    "integrity" "sha512-L18DaJsXSUk2+42pv8mLs5jJT2hqFkFE4j21wOmgbUqsZ2hL72NsUU785g9RXgo3s0ZNgVl42TiHp3ZtOv/Vyg=="
    "resolved" "https://registry.npmjs.org/emoji-regex/-/emoji-regex-9.2.2.tgz"
    "version" "9.2.2"
  
  "esbuild-linux-64@0.15.18":
    "integrity" "sha512-hNSeP97IviD7oxLKFuii5sDPJ+QHeiFTFLoLm7NZQligur8poNOWGIgpQ7Qf8Balb69hptMZzyOBIPtY09GZYw=="
    "resolved" "https://registry.npmjs.org/esbuild-linux-64/-/esbuild-linux-64-0.15.18.tgz"
    "version" "0.15.18"
  
  "esbuild-rails@^1.0.3":
    "integrity" "sha512-/cBdyYriIr3HgMlh438wLaBKU9822ri4LH8/tzJp40sktcPiC9PVCxW4n9JPydja77OK7LPu89BXkZs9y+0g+A=="
    "resolved" "https://registry.npmjs.org/esbuild-rails/-/esbuild-rails-1.0.5.tgz"
    "version" "1.0.5"
    dependencies:
      "glob" "^10.0.0"
  
  "esbuild@*", "esbuild@^0.15.15":
    "integrity" "sha512-x/R72SmW3sSFRm5zrrIjAhCeQSAWoni3CmHEqfQrZIQTM3lVCdehdwuIqaOtfC2slvpdlLa62GYoN8SxT23m6Q=="
    "resolved" "https://registry.npmjs.org/esbuild/-/esbuild-0.15.18.tgz"
    "version" "0.15.18"
    optionalDependencies:
      "@esbuild/android-arm" "0.15.18"
      "@esbuild/linux-loong64" "0.15.18"
      "esbuild-android-64" "0.15.18"
      "esbuild-android-arm64" "0.15.18"
      "esbuild-darwin-64" "0.15.18"
      "esbuild-darwin-arm64" "0.15.18"
      "esbuild-freebsd-64" "0.15.18"
      "esbuild-freebsd-arm64" "0.15.18"
      "esbuild-linux-32" "0.15.18"
      "esbuild-linux-64" "0.15.18"
      "esbuild-linux-arm" "0.15.18"
      "esbuild-linux-arm64" "0.15.18"
      "esbuild-linux-mips64le" "0.15.18"
      "esbuild-linux-ppc64le" "0.15.18"
      "esbuild-linux-riscv64" "0.15.18"
      "esbuild-linux-s390x" "0.15.18"
      "esbuild-netbsd-64" "0.15.18"
      "esbuild-openbsd-64" "0.15.18"
      "esbuild-sunos-64" "0.15.18"
      "esbuild-windows-32" "0.15.18"
      "esbuild-windows-64" "0.15.18"
      "esbuild-windows-arm64" "0.15.18"
  
  "ev-emitter@^1.0.0":
    "integrity" "sha512-ipiDYhdQSCZ4hSbX4rMW+XzNKMD1prg/sTvoVmSLkuQ1MVlwjJQQA+sW8tMYR3BLUr9KjodFV4pvzunvRhd33Q=="
    "resolved" "https://registry.npmjs.org/ev-emitter/-/ev-emitter-1.1.1.tgz"
    "version" "1.1.1"
  
  "ev-emitter@^2.1.2":
    "integrity" "sha512-jQ5Ql18hdCQ4qS+RCrbLfz1n+Pags27q5TwMKvZyhp5hh2UULUYZUy1keqj6k6SYsdqIYjnmz7xyyEY0V67B8Q=="
    "resolved" "https://registry.npmjs.org/ev-emitter/-/ev-emitter-2.1.2.tgz"
    "version" "2.1.2"
  
  "fill-range@^7.0.1":
    "integrity" "sha512-qOo9F+dMUmC2Lcb4BbVvnKJxTPjCm+RRpe4gDuGrzkL7mEVl/djYSu2OdQ2Pa302N4oqkSg9ir6jaLWJ2USVpQ=="
    "resolved" "https://registry.npmjs.org/fill-range/-/fill-range-7.0.1.tgz"
    "version" "7.0.1"
    dependencies:
      "to-regex-range" "^5.0.1"
  
  "fizzy-ui-utils@^2.0.0":
    "integrity" "sha512-CZXDVXQ1If3/r8s0T+v+qVeMshhfcuq0rqIFgJnrtd+Bu8GmDmqMjntjUePypVtjHXKJ6V4sw9zeyox34n9aCg=="
    "resolved" "https://registry.npmjs.org/fizzy-ui-utils/-/fizzy-ui-utils-2.0.7.tgz"
    "version" "2.0.7"
    dependencies:
      "desandro-matches-selector" "^2.0.0"
  
  "fizzy-ui-utils@^3.0.0":
    "integrity" "sha512-uJj38QFQiJ/KCio5tiZhwAjIbTXSIgzBCKdKVbaYfLS053F6z23Nb0o1ZoO9gnxOQWN7BCc35jsvrCtAq3gY9g=="
    "resolved" "https://registry.npmjs.org/fizzy-ui-utils/-/fizzy-ui-utils-3.0.0.tgz"
    "version" "3.0.0"
  
  "foreground-child@^3.1.0":
    "integrity" "sha512-TMKDUnIte6bfb5nWv7V/caI169OHgvwjb7V4WkeUvbQQdjr5rWKqHFiKWb/fcOwB+CzBT+qbWjvj+DVwRskpIg=="
    "resolved" "https://registry.npmjs.org/foreground-child/-/foreground-child-3.1.1.tgz"
    "version" "3.1.1"
    dependencies:
      "cross-spawn" "^7.0.0"
      "signal-exit" "^4.0.1"
  
  "get-size@^2.0.2":
    "integrity" "sha512-lXNzT/h/dTjTxRbm9BXb+SGxxzkm97h/PCIKtlN/CBCxxmkkIVV21udumMS93MuVTDX583gqc94v3RjuHmI+2Q=="
    "resolved" "https://registry.npmjs.org/get-size/-/get-size-2.0.3.tgz"
    "version" "2.0.3"
  
  "get-size@^3.0.0":
    "integrity" "sha512-Y8aiXLq4leR7807UY0yuKEwif5s3kbVp1nTv+i4jBeoUzByTLKkLWu/HorS6/pB+7gsB0o7OTogC8AoOOeT0Hw=="
    "resolved" "https://registry.npmjs.org/get-size/-/get-size-3.0.0.tgz"
    "version" "3.0.0"
  
  "get-style-property@^0.1.1":
    "integrity" "sha512-va+qf96571r+h+XOwgqWxtRDSChHsWM/0hHMoe7kAzVfQ4YA9JpztegcSS1wgN65kA3kbKZkgoy3NZ0P44oBnw=="
    "resolved" "https://registry.npmjs.org/get-style-property/-/get-style-property-0.1.1.tgz"
    "version" "0.1.1"
  
  "glob-parent@~5.1.2":
    "integrity" "sha512-AOIgSQCepiJYwP3ARnGx+5VnTu2HBYdzbGP45eLw1vr3zB3vZLeyed1sC9hnbcOc9/SrMyM5RPQrkGz4aS9Zow=="
    "resolved" "https://registry.npmjs.org/glob-parent/-/glob-parent-5.1.2.tgz"
    "version" "5.1.2"
    dependencies:
      "is-glob" "^4.0.1"
  
  "glob@^10.0.0":
    "integrity" "sha512-U/rnDpXJGF414QQQZv5uVsabTVxMSwzS5CH0p3DRCIV6ownl4f7PzGnkGmvlum2wB+9RlJWJZ6ACU1INnBqiPA=="
    "resolved" "https://registry.npmjs.org/glob/-/glob-10.2.6.tgz"
    "version" "10.2.6"
    dependencies:
      "foreground-child" "^3.1.0"
      "jackspeak" "^2.0.3"
      "minimatch" "^9.0.1"
      "minipass" "^5.0.0 || ^6.0.2"
      "path-scurry" "^1.7.0"
  
  "immutable@^4.0.0":
    "integrity" "sha512-0AOCmOip+xgJwEVTQj1EfiDDOkPmuyllDuTuEX+DDXUgapLAsBIfkg3sxCYyCEA8mQqZrrxPUGjcOQ2JS3WLkg=="
    "resolved" "https://registry.npmjs.org/immutable/-/immutable-4.3.0.tgz"
    "version" "4.3.0"
  
  "is-binary-path@~2.1.0":
    "integrity" "sha512-ZMERYes6pDydyuGidse7OsHxtbI7WVeUEozgR/g7rd0xUimYNlvZRE/K2MgZTjWy725IfelLeVcEM97mmtRGXw=="
    "resolved" "https://registry.npmjs.org/is-binary-path/-/is-binary-path-2.1.0.tgz"
    "version" "2.1.0"
    dependencies:
      "binary-extensions" "^2.0.0"
  
  "is-extglob@^2.1.1":
    "integrity" "sha512-SbKbANkN603Vi4jEZv49LeVJMn4yGwsbzZworEoyEiutsN3nJYdbO36zfhGJ6QEDpOZIFkDtnq5JRxmvl3jsoQ=="
    "resolved" "https://registry.npmjs.org/is-extglob/-/is-extglob-2.1.1.tgz"
    "version" "2.1.1"
  
  "is-fullwidth-code-point@^3.0.0":
    "integrity" "sha512-zymm5+u+sCsSWyD9qNaejV3DFvhCKclKdizYaJUuHA83RLjb7nSuGnddCHGv0hk+KY7BMAlsWeK4Ueg6EV6XQg=="
    "resolved" "https://registry.npmjs.org/is-fullwidth-code-point/-/is-fullwidth-code-point-3.0.0.tgz"
    "version" "3.0.0"
  
  "is-glob@^4.0.1", "is-glob@~4.0.1":
    "integrity" "sha512-xelSayHH36ZgE7ZWhli7pW34hNbNl8Ojv5KVmkJD4hBdD3th8Tfk9vYasLM+mXWOZhFkgZfxhLSnrwRr4elSSg=="
    "resolved" "https://registry.npmjs.org/is-glob/-/is-glob-4.0.3.tgz"
    "version" "4.0.3"
    dependencies:
      "is-extglob" "^2.1.1"
  
  "is-number@^7.0.0":
    "integrity" "sha512-41Cifkg6e8TylSpdtTpeLVMqvSBEVzTttHvERD741+pnZ8ANv0004MRL43QKPDlK9cGvNp6NZWZUBlbGXYxxng=="
    "resolved" "https://registry.npmjs.org/is-number/-/is-number-7.0.0.tgz"
    "version" "7.0.0"
  
  "isexe@^2.0.0":
    "integrity" "sha512-RHxMLp9lnKHGHRng9QFhRCMbYAcVpn69smSGcq3f36xjgVVWThj4qqLbTLlq7Ssj8B+fIQ1EuCEGI2lKsyQeIw=="
    "resolved" "https://registry.npmjs.org/isexe/-/isexe-2.0.0.tgz"
    "version" "2.0.0"
  
  "jackspeak@^2.0.3":
    "integrity" "sha512-MXbxovZ/Pm42f6cDIDkl3xpwv1AGwObKwfmjs2nQePiy85tP3fatofl3FC1aBsOtP/6fq5SbtgHwWcMsLP+bDw=="
    "resolved" "https://registry.npmjs.org/jackspeak/-/jackspeak-2.2.1.tgz"
    "version" "2.2.1"
    dependencies:
      "@isaacs/cliui" "^8.0.2"
    optionalDependencies:
      "@pkgjs/parseargs" "^0.11.0"
  
  "jquery@1.12.4":
    "integrity" "sha512-UEVp7PPK9xXYSk8xqXCJrkXnKZtlgWkd2GsAQbMRFK6S/ePU2JN5G2Zum8hIVjzR3CpdfSqdqAzId/xd4TJHeg=="
    "resolved" "https://registry.npmjs.org/jquery/-/jquery-1.12.4.tgz"
    "version" "1.12.4"
  
  "lru-cache@^9.1.1":
    "integrity" "sha512-65/Jky17UwSb0BuB9V+MyDpsOtXKmYwzhyl+cOa9XUiI4uV2Ouy/2voFP3+al0BjZbJgMBD8FojMpAf+Z+qn4A=="
    "resolved" "https://registry.npmjs.org/lru-cache/-/lru-cache-9.1.1.tgz"
    "version" "9.1.1"
  
  "masonry-layout@^4.2.2":
    "integrity" "sha512-iGtAlrpHNyxaR19CvKC3npnEcAwszXoyJiI8ARV2ePi7fmYhIud25MHK8Zx4P0LCC4d3TNO9+rFa1KoK1OEOaA=="
    "resolved" "https://registry.npmjs.org/masonry-layout/-/masonry-layout-4.2.2.tgz"
    "version" "4.2.2"
    dependencies:
      "get-size" "^2.0.2"
      "outlayer" "^2.1.0"
  
  "minimatch@^9.0.1":
    "integrity" "sha512-0jWhJpD/MdhPXwPuiRkCbfYfSKp2qnn2eOc279qI7f+osl/l+prKSrvhg157zSYvx/1nmgn2NqdT6k2Z7zSH9w=="
    "resolved" "https://registry.npmjs.org/minimatch/-/minimatch-9.0.1.tgz"
    "version" "9.0.1"
    dependencies:
      "brace-expansion" "^2.0.1"
  
  "minipass@^5.0.0 || ^6.0.2":
    "integrity" "sha512-MzWSV5nYVT7mVyWCwn2o7JH13w2TBRmmSqSRCKzTw+lmft9X4z+3wjvs06Tzijo5z4W/kahUCDpRXTF+ZrmF/w=="
    "resolved" "https://registry.npmjs.org/minipass/-/minipass-6.0.2.tgz"
    "version" "6.0.2"
  
  "normalize-path@^3.0.0", "normalize-path@~3.0.0":
    "integrity" "sha512-6eZs5Ls3WtCisHWp9S2GUy8dqkpGi4BVSz3GaqiE6ezub0512ESztXUwUB6C6IKbQkY2Pnb/mD4WYojCRwcwLA=="
    "resolved" "https://registry.npmjs.org/normalize-path/-/normalize-path-3.0.0.tgz"
    "version" "3.0.0"
  
  "outlayer@^2.1.0", "outlayer@^2.1.1":
    "integrity" "sha512-+GplXsCQ3VrbGujAeHEzP9SXsBmJxzn/YdDSQZL0xqBmAWBmortu2Y9Gwdp9J0bgDQ8/YNIPMoBM13nTwZfAhw=="
    "resolved" "https://registry.npmjs.org/outlayer/-/outlayer-2.1.1.tgz"
    "version" "2.1.1"
    dependencies:
      "ev-emitter" "^1.0.0"
      "fizzy-ui-utils" "^2.0.0"
      "get-size" "^2.0.2"
  
  "path-key@^3.1.0":
    "integrity" "sha512-ojmeN0qd+y0jszEtoY48r0Peq5dwMEkIlCOu6Q5f41lfkswXuKtYrhgoTpLnyIcHm24Uhqx+5Tqm2InSwLhE6Q=="
    "resolved" "https://registry.npmjs.org/path-key/-/path-key-3.1.1.tgz"
    "version" "3.1.1"
  
  "path-scurry@^1.7.0":
    "integrity" "sha512-qSDLy2aGFPm8i4rsbHd4MNyTcrzHFsLQykrtbuGRknZZCBBVXSv2tSCDN2Cg6Rt/GFRw8GoW9y9Ecw5rIPG1sg=="
    "resolved" "https://registry.npmjs.org/path-scurry/-/path-scurry-1.9.2.tgz"
    "version" "1.9.2"
    dependencies:
      "lru-cache" "^9.1.1"
      "minipass" "^5.0.0 || ^6.0.2"
  
  "picomatch@^2.0.4", "picomatch@^2.2.1":
    "integrity" "sha512-JU3teHTNjmE2VCGFzuY8EXzCDVwEqB2a8fsIvwaStHhAWJEeVd1o1QD80CU6+ZdEXXSLbSsuLwJjkCBWqRQUVA=="
    "resolved" "https://registry.npmjs.org/picomatch/-/picomatch-2.3.1.tgz"
    "version" "2.3.1"
  
  "popper.js@^1.16.1":
    "integrity" "sha512-Wb4p1J4zyFTbM+u6WuO4XstYx4Ky9Cewe4DWrel7B0w6VVICvPwdOpotjzcf6eD8TsckVnIMNONQyPIUFOUbCQ=="
    "resolved" "https://registry.npmjs.org/popper.js/-/popper.js-1.16.1.tgz"
    "version" "1.16.1"
  
  "readdirp@~3.6.0":
    "integrity" "sha512-hOS089on8RduqdbhvQ5Z37A0ESjsqz6qnRcffsMU3495FuTdqSm+7bhJ29JvIOsBDEEnan5DPu9t3To9VRlMzA=="
    "resolved" "https://registry.npmjs.org/readdirp/-/readdirp-3.6.0.tgz"
    "version" "3.6.0"
    dependencies:
      "picomatch" "^2.2.1"
  
  "sass@^1.62.1":
    "integrity" "sha512-NHpxIzN29MXvWiuswfc1W3I0N8SXBd8UR26WntmDlRYf0bSADnwnOjsyMZ3lMezSlArD33Vs3YFhp7dWvL770A=="
    "resolved" "https://registry.npmjs.org/sass/-/sass-1.62.1.tgz"
    "version" "1.62.1"
    dependencies:
      "chokidar" ">=3.0.0 <4.0.0"
      "immutable" "^4.0.0"
      "source-map-js" ">=0.6.2 <2.0.0"
  
  "shebang-command@^2.0.0":
    "integrity" "sha512-kHxr2zZpYtdmrN1qDjrrX/Z1rR1kG8Dx+gkpK1G4eXmvXswmcE1hTWBWYUzlraYw1/yZp6YuDY77YtvbN0dmDA=="
    "resolved" "https://registry.npmjs.org/shebang-command/-/shebang-command-2.0.0.tgz"
    "version" "2.0.0"
    dependencies:
      "shebang-regex" "^3.0.0"
  
  "shebang-regex@^3.0.0":
    "integrity" "sha512-7++dFhtcx3353uBaq8DDR4NuxBetBzC7ZQOhmTQInHEd6bSrXdiEyzCvG07Z44UYdLShWUyXt5M/yhz8ekcb1A=="
    "resolved" "https://registry.npmjs.org/shebang-regex/-/shebang-regex-3.0.0.tgz"
    "version" "3.0.0"
  
  "signal-exit@^4.0.1":
    "integrity" "sha512-MY2/qGx4enyjprQnFaZsHib3Yadh3IXyV2C321GY0pjGfVBu4un0uDJkwgdxqO+Rdx8JMT8IfJIRwbYVz3Ob3Q=="
    "resolved" "https://registry.npmjs.org/signal-exit/-/signal-exit-4.0.2.tgz"
    "version" "4.0.2"
  
  "source-map-js@>=0.6.2 <2.0.0":
    "integrity" "sha512-R0XvVJ9WusLiqTCEiGCmICCMplcCkIwwR11mOSD9CR5u+IXYdiseeEuXCVAjS54zqwkLcPNnmU4OeJ6tUrWhDw=="
    "resolved" "https://registry.npmjs.org/source-map-js/-/source-map-js-1.0.2.tgz"
    "version" "1.0.2"
  
  "string-width-cjs@npm:string-width@^4.2.0":
    "integrity" "sha512-wKyQRQpjJ0sIp62ErSZdGsjMJWsap5oRNihHhu6G7JVO/9jIB6UyevL+tXuOqrng8j/cxKTWyWUwvSTriiZz/g=="
    "resolved" "https://registry.npmjs.org/string-width/-/string-width-4.2.3.tgz"
    "version" "4.2.3"
    dependencies:
      "emoji-regex" "^8.0.0"
      "is-fullwidth-code-point" "^3.0.0"
      "strip-ansi" "^6.0.1"
  
  "string-width@^4.1.0":
    "integrity" "sha512-wKyQRQpjJ0sIp62ErSZdGsjMJWsap5oRNihHhu6G7JVO/9jIB6UyevL+tXuOqrng8j/cxKTWyWUwvSTriiZz/g=="
    "resolved" "https://registry.npmjs.org/string-width/-/string-width-4.2.3.tgz"
    "version" "4.2.3"
    dependencies:
      "emoji-regex" "^8.0.0"
      "is-fullwidth-code-point" "^3.0.0"
      "strip-ansi" "^6.0.1"
  
  "string-width@^5.0.1", "string-width@^5.1.2":
    "integrity" "sha512-HnLOCR3vjcY8beoNLtcjZ5/nxn2afmME6lhrDrebokqMap+XbeW8n9TXpPDOqdGK5qcI3oT0GKTW6wC7EMiVqA=="
    "resolved" "https://registry.npmjs.org/string-width/-/string-width-5.1.2.tgz"
    "version" "5.1.2"
    dependencies:
      "eastasianwidth" "^0.2.0"
      "emoji-regex" "^9.2.2"
      "strip-ansi" "^7.0.1"
  
  "strip-ansi-cjs@npm:strip-ansi@^6.0.1":
    "integrity" "sha512-Y38VPSHcqkFrCpFnQ9vuSXmquuv5oXOKpGeT6aGrr3o3Gc9AlVa6JBfUSOCnbxGGZF+/0ooI7KrPuUSztUdU5A=="
    "resolved" "https://registry.npmjs.org/strip-ansi/-/strip-ansi-6.0.1.tgz"
    "version" "6.0.1"
    dependencies:
      "ansi-regex" "^5.0.1"
  
  "strip-ansi@^6.0.0", "strip-ansi@^6.0.1":
    "integrity" "sha512-Y38VPSHcqkFrCpFnQ9vuSXmquuv5oXOKpGeT6aGrr3o3Gc9AlVa6JBfUSOCnbxGGZF+/0ooI7KrPuUSztUdU5A=="
    "resolved" "https://registry.npmjs.org/strip-ansi/-/strip-ansi-6.0.1.tgz"
    "version" "6.0.1"
    dependencies:
      "ansi-regex" "^5.0.1"
  
  "strip-ansi@^7.0.1":
    "integrity" "sha512-cXNxvT8dFNRVfhVME3JAe98mkXDYN2O1l7jmcwMnOslDeESg1rF/OZMtK0nRAhiari1unG5cD4jG3rapUAkLbw=="
    "resolved" "https://registry.npmjs.org/strip-ansi/-/strip-ansi-7.0.1.tgz"
    "version" "7.0.1"
    dependencies:
      "ansi-regex" "^6.0.1"
  
  "to-regex-range@^5.0.1":
    "integrity" "sha512-65P7iz6X5yEr1cwcgvQxbbIw7Uk3gOy5dIdtZ4rDveLqhrdJP+Li/Hx6tyK0NEb+2GCyneCMJiGqrADCSNk8sQ=="
    "resolved" "https://registry.npmjs.org/to-regex-range/-/to-regex-range-5.0.1.tgz"
    "version" "5.0.1"
    dependencies:
      "is-number" "^7.0.0"
  
  "which@^2.0.1":
    "integrity" "sha512-BLI3Tl1TW3Pvl70l3yq3Y64i+awpwXqsGBYWkkqMtnbXgrMD+yj7rhW0kuEDxzJaYXGjEW5ogapKNMEKNMjibA=="
    "resolved" "https://registry.npmjs.org/which/-/which-2.0.2.tgz"
    "version" "2.0.2"
    dependencies:
      "isexe" "^2.0.0"
  
  "wrap-ansi-cjs@npm:wrap-ansi@^7.0.0":
    "integrity" "sha512-YVGIj2kamLSTxw6NsZjoBxfSwsn0ycdesmc4p+Q21c5zPuZ1pl+NfxVdxPtdHvmNVOQ6XSYG4AUtyt/Fi7D16Q=="
    "resolved" "https://registry.npmjs.org/wrap-ansi/-/wrap-ansi-7.0.0.tgz"
    "version" "7.0.0"
    dependencies:
      "ansi-styles" "^4.0.0"
      "string-width" "^4.1.0"
      "strip-ansi" "^6.0.0"
  
  "wrap-ansi@^8.1.0":
    "integrity" "sha512-si7QWI6zUMq56bESFvagtmzMdGOtoxfR+Sez11Mobfc7tm+VkUckk9bW2UeffTGVUbOksxmSw0AA2gs8g71NCQ=="
    "resolved" "https://registry.npmjs.org/wrap-ansi/-/wrap-ansi-8.1.0.tgz"
    "version" "8.1.0"
    dependencies:
      "ansi-styles" "^6.1.0"
      "string-width" "^5.0.1"
      "strip-ansi" "^7.0.1"
